Defaulting to user installation because normal site-packages is not writeable
Collecting ale-py==0.10.2
  Downloading ale_py-0.10.2-cp310-cp310-manylinux_2_17_x86_64.manylinux2014_x86_64.whl (2.2 MB)
     ━━━━━━━━━━━━━━━━━━━━━━━━━━━━━━━━━━━━━━━━ 2.2/2.2 MB 31.6 MB/s eta 0:00:00
Collecting cloudpickle==3.1.1
  Downloading cloudpickle-3.1.1-py3-none-any.whl (20 kB)
Collecting contourpy==1.3.1
  Downloading contourpy-1.3.1-cp310-cp310-manylinux_2_17_x86_64.manylinux2014_x86_64.whl (324 kB)
     ━━━━━━━━━━━━━━━━━━━━━━━━━━━━━━━━━━━━━━ 325.0/325.0 KB 12.8 MB/s eta 0:00:00
Collecting cycler==0.12.1
  Downloading cycler-0.12.1-py3-none-any.whl (8.3 kB)
Collecting Farama-Notifications==0.0.4
  Downloading Farama_Notifications-0.0.4-py3-none-any.whl (2.5 kB)
Collecting filelock==3.18.0
  Downloading filelock-3.18.0-py3-none-any.whl (16 kB)
Collecting fonttools==4.57.0
  Downloading fonttools-4.57.0-cp310-cp310-manylinux_2_17_x86_64.manylinux2014_x86_64.whl (4.6 MB)
     ━━━━━━━━━━━━━━━━━━━━━━━━━━━━━━━━━━━━━━━━ 4.6/4.6 MB 50.4 MB/s eta 0:00:00
Collecting fsspec==2025.3.2
  Downloading fsspec-2025.3.2-py3-none-any.whl (194 kB)
     ━━━━━━━━━━━━━━━━━━━━━━━━━━━━━━━━━━━━━━━ 194.4/194.4 KB 9.3 MB/s eta 0:00:00
Collecting gym-anytrading==2.0.0
  Downloading gym_anytrading-2.0.0-py3-none-any.whl (172 kB)
     ━━━━━━━━━━━━━━━━━━━━━━━━━━━━━━━━━━━━━━━ 172.2/172.2 KB 7.8 MB/s eta 0:00:00
Collecting gymnasium==1.1.1
  Downloading gymnasium-1.1.1-py3-none-any.whl (965 kB)
     ━━━━━━━━━━━━━━━━━━━━━━━━━━━━━━━━━━━━━━ 965.4/965.4 KB 30.5 MB/s eta 0:00:00
Collecting imageio==2.37.0
  Downloading imageio-2.37.0-py3-none-any.whl (315 kB)
     ━━━━━━━━━━━━━━━━━━━━━━━━━━━━━━━━━━━━━━ 315.8/315.8 KB 17.0 MB/s eta 0:00:00
Collecting Jinja2==3.1.6
  Downloading jinja2-3.1.6-py3-none-any.whl (134 kB)
     ━━━━━━━━━━━━━━━━━━━━━━━━━━━━━━━━━━━━━━━ 134.9/134.9 KB 7.1 MB/s eta 0:00:00
Collecting kiwisolver==1.4.8
  Downloading kiwisolver-1.4.8-cp310-cp310-manylinux_2_12_x86_64.manylinux2010_x86_64.whl (1.6 MB)
     ━━━━━━━━━━━━━━━━━━━━━━━━━━━━━━━━━━━━━━━━ 1.6/1.6 MB 39.8 MB/s eta 0:00:00
Collecting MarkupSafe==3.0.2
  Downloading MarkupSafe-3.0.2-cp310-cp310-manylinux_2_17_x86_64.manylinux2014_x86_64.whl (20 kB)
Collecting matplotlib==3.10.1
  Downloading matplotlib-3.10.1-cp310-cp310-manylinux_2_17_x86_64.manylinux2014_x86_64.whl (8.6 MB)
     ━━━━━━━━━━━━━━━━━━━━━━━━━━━━━━━━━━━━━━━━ 8.6/8.6 MB 58.3 MB/s eta 0:00:00
Collecting mpmath==1.3.0
  Downloading mpmath-1.3.0-py3-none-any.whl (536 kB)
     ━━━━━━━━━━━━━━━━━━━━━━━━━━━━━━━━━━━━━━ 536.2/536.2 KB 19.4 MB/s eta 0:00:00
Collecting networkx==3.4.2
  Downloading networkx-3.4.2-py3-none-any.whl (1.7 MB)
     ━━━━━━━━━━━━━━━━━━━━━━━━━━━━━━━━━━━━━━━━ 1.7/1.7 MB 41.7 MB/s eta 0:00:00
Collecting numpy==2.2.4
  Downloading numpy-2.2.4-cp310-cp310-manylinux_2_17_x86_64.manylinux2014_x86_64.whl (16.4 MB)
     ━━━━━━━━━━━━━━━━━━━━━━━━━━━━━━━━━━━━━━━━ 16.4/16.4 MB 41.9 MB/s eta 0:00:00
Collecting packaging==24.2
  Downloading packaging-24.2-py3-none-any.whl (65 kB)
     ━━━━━━━━━━━━━━━━━━━━━━━━━━━━━━━━━━━━━━━━ 65.5/65.5 KB 2.9 MB/s eta 0:00:00
Collecting pandas==2.2.3
  Downloading pandas-2.2.3-cp310-cp310-manylinux_2_17_x86_64.manylinux2014_x86_64.whl (13.1 MB)
     ━━━━━━━━━━━━━━━━━━━━━━━━━━━━━━━━━━━━━━━━ 13.1/13.1 MB 42.1 MB/s eta 0:00:00
Collecting pillow==11.2.1
  Downloading pillow-11.2.1-cp310-cp310-manylinux_2_28_x86_64.whl (4.6 MB)
     ━━━━━━━━━━━━━━━━━━━━━━━━━━━━━━━━━━━━━━━━ 4.6/4.6 MB 55.1 MB/s eta 0:00:00
Collecting pyparsing==3.2.3
  Downloading pyparsing-3.2.3-py3-none-any.whl (111 kB)
     ━━━━━━━━━━━━━━━━━━━━━━━━━━━━━━━━━━━━━━━ 111.1/111.1 KB 5.5 MB/s eta 0:00:00
Collecting python-dateutil==2.9.0.post0
  Downloading python_dateutil-2.9.0.post0-py2.py3-none-any.whl (229 kB)
     ━━━━━━━━━━━━━━━━━━━━━━━━━━━━━━━━━━━━━━━ 229.9/229.9 KB 9.9 MB/s eta 0:00:00
Collecting pytz==2025.2
  Downloading pytz-2025.2-py2.py3-none-any.whl (509 kB)
     ━━━━━━━━━━━━━━━━━━━━━━━━━━━━━━━━━━━━━━ 509.2/509.2 KB 19.3 MB/s eta 0:00:00
Collecting setuptools==78.1.0
  Downloading setuptools-78.1.0-py3-none-any.whl (1.3 MB)
     ━━━━━━━━━━━━━━━━━━━━━━━━━━━━━━━━━━━━━━━━ 1.3/1.3 MB 35.0 MB/s eta 0:00:00
Collecting six==1.17.0
  Downloading six-1.17.0-py2.py3-none-any.whl (11 kB)
Collecting sympy==1.13.1
  Downloading sympy-1.13.1-py3-none-any.whl (6.2 MB)
     ━━━━━━━━━━━━━━━━━━━━━━━━━━━━━━━━━━━━━━━━ 6.2/6.2 MB 54.2 MB/s eta 0:00:00
Collecting torch==2.6.0
  Downloading torch-2.6.0-cp310-cp310-manylinux1_x86_64.whl (766.7 MB)
     ━━━━━━━━━━━━━━━━━━━━━━━━━━━━━━━━━━━━━━━ 766.7/766.7 MB 1.1 MB/s eta 0:00:00
Collecting tqdm==4.67.1
  Downloading tqdm-4.67.1-py3-none-any.whl (78 kB)
     ━━━━━━━━━━━━━━━━━━━━━━━━━━━━━━━━━━━━━━━━ 78.5/78.5 KB 3.4 MB/s eta 0:00:00
Collecting typing_extensions==4.13.2
  Downloading typing_extensions-4.13.2-py3-none-any.whl (45 kB)
     ━━━━━━━━━━━━━━━━━━━━━━━━━━━━━━━━━━━━━━━━ 45.8/45.8 KB 1.7 MB/s eta 0:00:00
Collecting tzdata==2025.2
  Downloading tzdata-2025.2-py2.py3-none-any.whl (347 kB)
     ━━━━━━━━━━━━━━━━━━━━━━━━━━━━━━━━━━━━━━ 347.8/347.8 KB 14.1 MB/s eta 0:00:00
Collecting nvidia-cusolver-cu12==11.6.1.9
  Downloading nvidia_cusolver_cu12-11.6.1.9-py3-none-manylinux2014_x86_64.whl (127.9 MB)
     ━━━━━━━━━━━━━━━━━━━━━━━━━━━━━━━━━━━━━━━ 127.9/127.9 MB 6.8 MB/s eta 0:00:00
Collecting nvidia-cusparselt-cu12==0.6.2
  Downloading nvidia_cusparselt_cu12-0.6.2-py3-none-manylinux2014_x86_64.whl (150.1 MB)
     ━━━━━━━━━━━━━━━━━━━━━━━━━━━━━━━━━━━━━━━ 150.1/150.1 MB 5.9 MB/s eta 0:00:00
Collecting nvidia-nccl-cu12==2.21.5
  Downloading nvidia_nccl_cu12-2.21.5-py3-none-manylinux2014_x86_64.whl (188.7 MB)
     ━━━━━━━━━━━━━━━━━━━━━━━━━━━━━━━━━━━━━━━ 188.7/188.7 MB 4.7 MB/s eta 0:00:00
Collecting nvidia-cuda-runtime-cu12==12.4.127
  Downloading nvidia_cuda_runtime_cu12-12.4.127-py3-none-manylinux2014_x86_64.whl (883 kB)
     ━━━━━━━━━━━━━━━━━━━━━━━━━━━━━━━━━━━━━━ 883.7/883.7 KB 29.3 MB/s eta 0:00:00
Collecting nvidia-cusparse-cu12==12.3.1.170
  Downloading nvidia_cusparse_cu12-12.3.1.170-py3-none-manylinux2014_x86_64.whl (207.5 MB)
     ━━━━━━━━━━━━━━━━━━━━━━━━━━━━━━━━━━━━━━━ 207.5/207.5 MB 4.3 MB/s eta 0:00:00
Collecting nvidia-cufft-cu12==11.2.1.3
  Downloading nvidia_cufft_cu12-11.2.1.3-py3-none-manylinux2014_x86_64.whl (211.5 MB)
     ━━━━━━━━━━━━━━━━━━━━━━━━━━━━━━━━━━━━━━━ 211.5/211.5 MB 4.2 MB/s eta 0:00:00
Collecting triton==3.2.0
  Downloading triton-3.2.0-cp310-cp310-manylinux_2_17_x86_64.manylinux2014_x86_64.whl (253.1 MB)
     ━━━━━━━━━━━━━━━━━━━━━━━━━━━━━━━━━━━━━━━ 253.1/253.1 MB 3.5 MB/s eta 0:00:00
Collecting nvidia-cublas-cu12==12.4.5.8
  Downloading nvidia_cublas_cu12-12.4.5.8-py3-none-manylinux2014_x86_64.whl (363.4 MB)
     ━━━━━━━━━━━━━━━━━━━━━━━━━━━━━━━━━━━━━━━ 363.4/363.4 MB 2.1 MB/s eta 0:00:00
Collecting nvidia-nvtx-cu12==12.4.127
  Downloading nvidia_nvtx_cu12-12.4.127-py3-none-manylinux2014_x86_64.whl (99 kB)
     ━━━━━━━━━━━━━━━━━━━━━━━━━━━━━━━━━━━━━━━━ 99.1/99.1 KB 4.7 MB/s eta 0:00:00
Collecting nvidia-cuda-cupti-cu12==12.4.127
  Downloading nvidia_cuda_cupti_cu12-12.4.127-py3-none-manylinux2014_x86_64.whl (13.8 MB)
     ━━━━━━━━━━━━━━━━━━━━━━━━━━━━━━━━━━━━━━━━ 13.8/13.8 MB 32.3 MB/s eta 0:00:00
Collecting nvidia-curand-cu12==10.3.5.147
  Downloading nvidia_curand_cu12-10.3.5.147-py3-none-manylinux2014_x86_64.whl (56.3 MB)
     ━━━━━━━━━━━━━━━━━━━━━━━━━━━━━━━━━━━━━━━━ 56.3/56.3 MB 14.5 MB/s eta 0:00:00
Collecting nvidia-cuda-nvrtc-cu12==12.4.127
  Downloading nvidia_cuda_nvrtc_cu12-12.4.127-py3-none-manylinux2014_x86_64.whl (24.6 MB)
     ━━━━━━━━━━━━━━━━━━━━━━━━━━━━━━━━━━━━━━━━ 24.6/24.6 MB 31.2 MB/s eta 0:00:00
Collecting nvidia-cudnn-cu12==9.1.0.70
  Downloading nvidia_cudnn_cu12-9.1.0.70-py3-none-manylinux2014_x86_64.whl (664.8 MB)
     ━━━━━━━━━━━━━━━━━━━━━━━━━━━━━━━━━━━━━━━ 664.8/664.8 MB 1.4 MB/s eta 0:00:00
Collecting nvidia-nvjitlink-cu12==12.4.127
  Downloading nvidia_nvjitlink_cu12-12.4.127-py3-none-manylinux2014_x86_64.whl (21.1 MB)
     ━━━━━━━━━━━━━━━━━━━━━━━━━━━━━━━━━━━━━━━━ 21.1/21.1 MB 36.2 MB/s eta 0:00:00
Installing collected packages: triton, pytz, nvidia-cusparselt-cu12, mpmath, Farama-Notifications, tzdata, typing_extensions, tqdm, sympy, six, setuptools, pyparsing, pillow, packaging, nvidia-nvtx-cu12, nvidia-nvjitlink-cu12, nvidia-nccl-cu12, nvidia-curand-cu12, nvidia-cufft-cu12, nvidia-cuda-runtime-cu12, nvidia-cuda-nvrtc-cu12, nvidia-cuda-cupti-cu12, nvidia-cublas-cu12, numpy, networkx, MarkupSafe, kiwisolver, fsspec, fonttools, filelock, cycler, cloudpickle, python-dateutil, nvidia-cusparse-cu12, nvidia-cudnn-cu12, Jinja2, imageio, gymnasium, contourpy, ale-py, pandas, nvidia-cusolver-cu12, matplotlib, torch, gym-anytrading
  WARNING: The scripts proton and proton-viewer are installed in '/home/2024/wlafon/.local/bin' which is not on PATH.
  Consider adding this directory to PATH or, if you prefer to suppress this warning, use --no-warn-script-location.
  WARNING: The script tqdm is installed in '/home/2024/wlafon/.local/bin' which is not on PATH.
  Consider adding this directory to PATH or, if you prefer to suppress this warning, use --no-warn-script-location.
  WARNING: The script isympy is installed in '/home/2024/wlafon/.local/bin' which is not on PATH.
  Consider adding this directory to PATH or, if you prefer to suppress this warning, use --no-warn-script-location.
  WARNING: The scripts f2py and numpy-config are installed in '/home/2024/wlafon/.local/bin' which is not on PATH.
  Consider adding this directory to PATH or, if you prefer to suppress this warning, use --no-warn-script-location.
  WARNING: The scripts fonttools, pyftmerge, pyftsubset and ttx are installed in '/home/2024/wlafon/.local/bin' which is not on PATH.
  Consider adding this directory to PATH or, if you prefer to suppress this warning, use --no-warn-script-location.
  WARNING: The scripts imageio_download_bin and imageio_remove_bin are installed in '/home/2024/wlafon/.local/bin' which is not on PATH.
  Consider adding this directory to PATH or, if you prefer to suppress this warning, use --no-warn-script-location.
  WARNING: The scripts torchfrtrace and torchrun are installed in '/home/2024/wlafon/.local/bin' which is not on PATH.
  Consider adding this directory to PATH or, if you prefer to suppress this warning, use --no-warn-script-location.
Successfully installed Farama-Notifications-0.0.4 Jinja2-3.1.6 MarkupSafe-3.0.2 ale-py-0.10.2 cloudpickle-3.1.1 contourpy-1.3.1 cycler-0.12.1 filelock-3.18.0 fonttools-4.57.0 fsspec-2025.3.2 gym-anytrading-2.0.0 gymnasium-1.1.1 imageio-2.37.0 kiwisolver-1.4.8 matplotlib-3.10.1 mpmath-1.3.0 networkx-3.4.2 numpy-2.2.4 nvidia-cublas-cu12-12.4.5.8 nvidia-cuda-cupti-cu12-12.4.127 nvidia-cuda-nvrtc-cu12-12.4.127 nvidia-cuda-runtime-cu12-12.4.127 nvidia-cudnn-cu12-9.1.0.70 nvidia-cufft-cu12-11.2.1.3 nvidia-curand-cu12-10.3.5.147 nvidia-cusolver-cu12-11.6.1.9 nvidia-cusparse-cu12-12.3.1.170 nvidia-cusparselt-cu12-0.6.2 nvidia-nccl-cu12-2.21.5 nvidia-nvjitlink-cu12-12.4.127 nvidia-nvtx-cu12-12.4.127 packaging-24.2 pandas-2.2.3 pillow-11.2.1 pyparsing-3.2.3 python-dateutil-2.9.0.post0 pytz-2025.2 setuptools-78.1.0 six-1.17.0 sympy-1.13.1 torch-2.6.0 tqdm-4.67.1 triton-3.2.0 typing_extensions-4.13.2 tzdata-2025.2
python: can't open file '/home/2024/wlafon/COMP579P/comp579_project/max_script.py': [Errno 2] No such file or directory
