Defaulting to user installation because normal site-packages is not writeable
Collecting ale-py==0.10.2
  Using cached ale_py-0.10.2-cp310-cp310-manylinux_2_17_x86_64.manylinux2014_x86_64.whl (2.2 MB)
Collecting cloudpickle==3.1.1
  Using cached cloudpickle-3.1.1-py3-none-any.whl (20 kB)
Collecting contourpy==1.3.1
  Using cached contourpy-1.3.1-cp310-cp310-manylinux_2_17_x86_64.manylinux2014_x86_64.whl (324 kB)
Collecting cycler==0.12.1
  Using cached cycler-0.12.1-py3-none-any.whl (8.3 kB)
Requirement already satisfied: Farama-Notifications==0.0.4 in /home/2024/wlafon/.local/lib/python3.10/site-packages (from -r requirements.txt (line 5)) (0.0.4)
Collecting filelock==3.18.0
  Using cached filelock-3.18.0-py3-none-any.whl (16 kB)
Collecting fonttools==4.57.0
  Using cached fonttools-4.57.0-cp310-cp310-manylinux_2_17_x86_64.manylinux2014_x86_64.whl (4.6 MB)
Collecting fsspec==2025.3.2
  Using cached fsspec-2025.3.2-py3-none-any.whl (194 kB)
Collecting gym-anytrading==2.0.0
  Using cached gym_anytrading-2.0.0-py3-none-any.whl (172 kB)
Collecting gymnasium==1.1.1
  Using cached gymnasium-1.1.1-py3-none-any.whl (965 kB)
Collecting imageio==2.37.0
  Using cached imageio-2.37.0-py3-none-any.whl (315 kB)
Collecting Jinja2==3.1.6
  Using cached jinja2-3.1.6-py3-none-any.whl (134 kB)
Collecting kiwisolver==1.4.8
  Using cached kiwisolver-1.4.8-cp310-cp310-manylinux_2_12_x86_64.manylinux2010_x86_64.whl (1.6 MB)
Collecting MarkupSafe==3.0.2
  Using cached MarkupSafe-3.0.2-cp310-cp310-manylinux_2_17_x86_64.manylinux2014_x86_64.whl (20 kB)
Collecting matplotlib==3.10.1
  Using cached matplotlib-3.10.1-cp310-cp310-manylinux_2_17_x86_64.manylinux2014_x86_64.whl (8.6 MB)
Requirement already satisfied: mpmath==1.3.0 in /home/2024/wlafon/.local/lib/python3.10/site-packages (from -r requirements.txt (line 16)) (1.3.0)
Collecting networkx==3.4.2
  Using cached networkx-3.4.2-py3-none-any.whl (1.7 MB)
Collecting numpy==2.2.4
  Using cached numpy-2.2.4-cp310-cp310-manylinux_2_17_x86_64.manylinux2014_x86_64.whl (16.4 MB)
Collecting packaging==24.2
  Using cached packaging-24.2-py3-none-any.whl (65 kB)
Collecting pandas==2.2.3
  Using cached pandas-2.2.3-cp310-cp310-manylinux_2_17_x86_64.manylinux2014_x86_64.whl (13.1 MB)
Collecting pillow==11.2.1
  Using cached pillow-11.2.1-cp310-cp310-manylinux_2_28_x86_64.whl (4.6 MB)
Collecting pyparsing==3.2.3
  Using cached pyparsing-3.2.3-py3-none-any.whl (111 kB)
Collecting python-dateutil==2.9.0.post0
  Using cached python_dateutil-2.9.0.post0-py2.py3-none-any.whl (229 kB)
Requirement already satisfied: pytz==2025.2 in /home/2024/wlafon/.local/lib/python3.10/site-packages (from -r requirements.txt (line 24)) (2025.2)
Collecting setuptools==78.1.0
  Using cached setuptools-78.1.0-py3-none-any.whl (1.3 MB)
Collecting six==1.17.0
  Using cached six-1.17.0-py2.py3-none-any.whl (11 kB)
Requirement already satisfied: sympy==1.13.1 in /home/2024/wlafon/.local/lib/python3.10/site-packages (from -r requirements.txt (line 27)) (1.13.1)
Collecting torch==2.6.0
  Using cached torch-2.6.0-cp310-cp310-manylinux1_x86_64.whl (766.7 MB)
Requirement already satisfied: tqdm==4.67.1 in /home/2024/wlafon/.local/lib/python3.10/site-packages (from -r requirements.txt (line 29)) (4.67.1)
Requirement already satisfied: typing_extensions==4.13.2 in /home/2024/wlafon/.local/lib/python3.10/site-packages (from -r requirements.txt (line 30)) (4.13.2)
Requirement already satisfied: tzdata==2025.2 in /home/2024/wlafon/.local/lib/python3.10/site-packages (from -r requirements.txt (line 31)) (2025.2)
Collecting nvidia-cusparse-cu12==12.3.1.170
  Using cached nvidia_cusparse_cu12-12.3.1.170-py3-none-manylinux2014_x86_64.whl (207.5 MB)
Collecting nvidia-cufft-cu12==11.2.1.3
  Using cached nvidia_cufft_cu12-11.2.1.3-py3-none-manylinux2014_x86_64.whl (211.5 MB)
Collecting nvidia-nccl-cu12==2.21.5
  Using cached nvidia_nccl_cu12-2.21.5-py3-none-manylinux2014_x86_64.whl (188.7 MB)
Collecting nvidia-cudnn-cu12==9.1.0.70
  Using cached nvidia_cudnn_cu12-9.1.0.70-py3-none-manylinux2014_x86_64.whl (664.8 MB)
Collecting nvidia-cusolver-cu12==11.6.1.9
  Using cached nvidia_cusolver_cu12-11.6.1.9-py3-none-manylinux2014_x86_64.whl (127.9 MB)
Collecting nvidia-nvjitlink-cu12==12.4.127
  Using cached nvidia_nvjitlink_cu12-12.4.127-py3-none-manylinux2014_x86_64.whl (21.1 MB)
Collecting nvidia-cuda-cupti-cu12==12.4.127
  Using cached nvidia_cuda_cupti_cu12-12.4.127-py3-none-manylinux2014_x86_64.whl (13.8 MB)
Collecting nvidia-curand-cu12==10.3.5.147
  Using cached nvidia_curand_cu12-10.3.5.147-py3-none-manylinux2014_x86_64.whl (56.3 MB)
Requirement already satisfied: triton==3.2.0 in /home/2024/wlafon/.local/lib/python3.10/site-packages (from torch==2.6.0->-r requirements.txt (line 28)) (3.2.0)
Collecting nvidia-cublas-cu12==12.4.5.8
  Using cached nvidia_cublas_cu12-12.4.5.8-py3-none-manylinux2014_x86_64.whl (363.4 MB)
Collecting nvidia-cuda-nvrtc-cu12==12.4.127
  Using cached nvidia_cuda_nvrtc_cu12-12.4.127-py3-none-manylinux2014_x86_64.whl (24.6 MB)
Collecting nvidia-cuda-runtime-cu12==12.4.127
  Using cached nvidia_cuda_runtime_cu12-12.4.127-py3-none-manylinux2014_x86_64.whl (883 kB)
Requirement already satisfied: nvidia-cusparselt-cu12==0.6.2 in /home/2024/wlafon/.local/lib/python3.10/site-packages (from torch==2.6.0->-r requirements.txt (line 28)) (0.6.2)
Collecting nvidia-nvtx-cu12==12.4.127
  Using cached nvidia_nvtx_cu12-12.4.127-py3-none-manylinux2014_x86_64.whl (99 kB)
Installing collected packages: six, setuptools, pyparsing, pillow, packaging, nvidia-nvtx-cu12, nvidia-nvjitlink-cu12, nvidia-nccl-cu12, nvidia-curand-cu12, nvidia-cufft-cu12, nvidia-cuda-runtime-cu12, nvidia-cuda-nvrtc-cu12, nvidia-cuda-cupti-cu12, nvidia-cublas-cu12, numpy, networkx, MarkupSafe, kiwisolver, fsspec, fonttools, filelock, cycler, cloudpickle, python-dateutil, nvidia-cusparse-cu12, nvidia-cudnn-cu12, Jinja2, imageio, gymnasium, contourpy, ale-py, pandas, nvidia-cusolver-cu12, matplotlib, torch, gym-anytrading
  WARNING: The scripts f2py and numpy-config are installed in '/home/2024/wlafon/.local/bin' which is not on PATH.
  Consider adding this directory to PATH or, if you prefer to suppress this warning, use --no-warn-script-location.
  WARNING: The scripts fonttools, pyftmerge, pyftsubset and ttx are installed in '/home/2024/wlafon/.local/bin' which is not on PATH.
  Consider adding this directory to PATH or, if you prefer to suppress this warning, use --no-warn-script-location.
  WARNING: The scripts imageio_download_bin and imageio_remove_bin are installed in '/home/2024/wlafon/.local/bin' which is not on PATH.
  Consider adding this directory to PATH or, if you prefer to suppress this warning, use --no-warn-script-location.
  WARNING: The scripts torchfrtrace and torchrun are installed in '/home/2024/wlafon/.local/bin' which is not on PATH.
  Consider adding this directory to PATH or, if you prefer to suppress this warning, use --no-warn-script-location.
Successfully installed Jinja2-3.1.6 MarkupSafe-3.0.2 ale-py-0.10.2 cloudpickle-3.1.1 contourpy-1.3.1 cycler-0.12.1 filelock-3.18.0 fonttools-4.57.0 fsspec-2025.3.2 gym-anytrading-2.0.0 gymnasium-1.1.1 imageio-2.37.0 kiwisolver-1.4.8 matplotlib-3.10.1 networkx-3.4.2 numpy-2.2.4 nvidia-cublas-cu12-12.4.5.8 nvidia-cuda-cupti-cu12-12.4.127 nvidia-cuda-nvrtc-cu12-12.4.127 nvidia-cuda-runtime-cu12-12.4.127 nvidia-cudnn-cu12-9.1.0.70 nvidia-cufft-cu12-11.2.1.3 nvidia-curand-cu12-10.3.5.147 nvidia-cusolver-cu12-11.6.1.9 nvidia-cusparse-cu12-12.3.1.170 nvidia-nccl-cu12-2.21.5 nvidia-nvjitlink-cu12-12.4.127 nvidia-nvtx-cu12-12.4.127 packaging-24.2 pandas-2.2.3 pillow-11.2.1 pyparsing-3.2.3 python-dateutil-2.9.0.post0 setuptools-78.1.0 six-1.17.0 torch-2.6.0
python: can't open file '/home/2024/wlafon/COMP579P/comp579_project/max_script1.py': [Errno 2] No such file or directory
