Defaulting to user installation because normal site-packages is not writeable
Requirement already satisfied: ale-py==0.10.2 in /home/2024/wlafon/.local/lib/python3.10/site-packages (from -r requirements.txt (line 1)) (0.10.2)
Requirement already satisfied: cloudpickle==3.1.1 in /home/2024/wlafon/.local/lib/python3.10/site-packages (from -r requirements.txt (line 2)) (3.1.1)
Requirement already satisfied: contourpy==1.3.1 in /home/2024/wlafon/.local/lib/python3.10/site-packages (from -r requirements.txt (line 3)) (1.3.1)
Requirement already satisfied: cycler==0.12.1 in /home/2024/wlafon/.local/lib/python3.10/site-packages (from -r requirements.txt (line 4)) (0.12.1)
Requirement already satisfied: Farama-Notifications==0.0.4 in /home/2024/wlafon/.local/lib/python3.10/site-packages (from -r requirements.txt (line 5)) (0.0.4)
Requirement already satisfied: filelock==3.18.0 in /home/2024/wlafon/.local/lib/python3.10/site-packages (from -r requirements.txt (line 6)) (3.18.0)
Requirement already satisfied: fonttools==4.57.0 in /home/2024/wlafon/.local/lib/python3.10/site-packages (from -r requirements.txt (line 7)) (4.57.0)
Requirement already satisfied: fsspec==2025.3.2 in /home/2024/wlafon/.local/lib/python3.10/site-packages (from -r requirements.txt (line 8)) (2025.3.2)
Requirement already satisfied: gym-anytrading==2.0.0 in /home/2024/wlafon/.local/lib/python3.10/site-packages (from -r requirements.txt (line 9)) (2.0.0)
Requirement already satisfied: gymnasium==1.1.1 in /home/2024/wlafon/.local/lib/python3.10/site-packages (from -r requirements.txt (line 10)) (1.1.1)
Requirement already satisfied: imageio==2.37.0 in /home/2024/wlafon/.local/lib/python3.10/site-packages (from -r requirements.txt (line 11)) (2.37.0)
Requirement already satisfied: Jinja2==3.1.6 in /home/2024/wlafon/.local/lib/python3.10/site-packages (from -r requirements.txt (line 12)) (3.1.6)
Requirement already satisfied: kiwisolver==1.4.8 in /home/2024/wlafon/.local/lib/python3.10/site-packages (from -r requirements.txt (line 13)) (1.4.8)
Requirement already satisfied: MarkupSafe==3.0.2 in /home/2024/wlafon/.local/lib/python3.10/site-packages (from -r requirements.txt (line 14)) (3.0.2)
Requirement already satisfied: matplotlib==3.10.1 in /home/2024/wlafon/.local/lib/python3.10/site-packages (from -r requirements.txt (line 15)) (3.10.1)
Requirement already satisfied: mpmath==1.3.0 in /home/2024/wlafon/.local/lib/python3.10/site-packages (from -r requirements.txt (line 16)) (1.3.0)
Requirement already satisfied: networkx==3.4.2 in /home/2024/wlafon/.local/lib/python3.10/site-packages (from -r requirements.txt (line 17)) (3.4.2)
Requirement already satisfied: numpy==2.2.4 in /home/2024/wlafon/.local/lib/python3.10/site-packages (from -r requirements.txt (line 18)) (2.2.4)
Requirement already satisfied: packaging==24.2 in /home/2024/wlafon/.local/lib/python3.10/site-packages (from -r requirements.txt (line 19)) (24.2)
Requirement already satisfied: pandas==2.2.3 in /home/2024/wlafon/.local/lib/python3.10/site-packages (from -r requirements.txt (line 20)) (2.2.3)
Requirement already satisfied: pillow==11.2.1 in /home/2024/wlafon/.local/lib/python3.10/site-packages (from -r requirements.txt (line 21)) (11.2.1)
Requirement already satisfied: pyparsing==3.2.3 in /home/2024/wlafon/.local/lib/python3.10/site-packages (from -r requirements.txt (line 22)) (3.2.3)
Requirement already satisfied: python-dateutil==2.9.0.post0 in /home/2024/wlafon/.local/lib/python3.10/site-packages (from -r requirements.txt (line 23)) (2.9.0.post0)
Requirement already satisfied: pytz==2025.2 in /home/2024/wlafon/.local/lib/python3.10/site-packages (from -r requirements.txt (line 24)) (2025.2)
Requirement already satisfied: setuptools==78.1.0 in /home/2024/wlafon/.local/lib/python3.10/site-packages (from -r requirements.txt (line 25)) (78.1.0)
Requirement already satisfied: six==1.17.0 in /home/2024/wlafon/.local/lib/python3.10/site-packages (from -r requirements.txt (line 26)) (1.17.0)
Requirement already satisfied: sympy==1.13.1 in /home/2024/wlafon/.local/lib/python3.10/site-packages (from -r requirements.txt (line 27)) (1.13.1)
Requirement already satisfied: torch==2.6.0 in /home/2024/wlafon/.local/lib/python3.10/site-packages (from -r requirements.txt (line 28)) (2.6.0)
Requirement already satisfied: tqdm==4.67.1 in /home/2024/wlafon/.local/lib/python3.10/site-packages (from -r requirements.txt (line 29)) (4.67.1)
Requirement already satisfied: typing_extensions==4.13.2 in /home/2024/wlafon/.local/lib/python3.10/site-packages (from -r requirements.txt (line 30)) (4.13.2)
Requirement already satisfied: tzdata==2025.2 in /home/2024/wlafon/.local/lib/python3.10/site-packages (from -r requirements.txt (line 31)) (2025.2)
Requirement already satisfied: nvidia-curand-cu12==10.3.5.147 in /home/2024/wlafon/.local/lib/python3.10/site-packages (from torch==2.6.0->-r requirements.txt (line 28)) (10.3.5.147)
Requirement already satisfied: nvidia-cuda-cupti-cu12==12.4.127 in /home/2024/wlafon/.local/lib/python3.10/site-packages (from torch==2.6.0->-r requirements.txt (line 28)) (12.4.127)
Requirement already satisfied: nvidia-nvtx-cu12==12.4.127 in /home/2024/wlafon/.local/lib/python3.10/site-packages (from torch==2.6.0->-r requirements.txt (line 28)) (12.4.127)
Requirement already satisfied: nvidia-cufft-cu12==11.2.1.3 in /home/2024/wlafon/.local/lib/python3.10/site-packages (from torch==2.6.0->-r requirements.txt (line 28)) (11.2.1.3)
Requirement already satisfied: nvidia-cuda-runtime-cu12==12.4.127 in /home/2024/wlafon/.local/lib/python3.10/site-packages (from torch==2.6.0->-r requirements.txt (line 28)) (12.4.127)
Requirement already satisfied: triton==3.2.0 in /home/2024/wlafon/.local/lib/python3.10/site-packages (from torch==2.6.0->-r requirements.txt (line 28)) (3.2.0)
Requirement already satisfied: nvidia-cuda-nvrtc-cu12==12.4.127 in /home/2024/wlafon/.local/lib/python3.10/site-packages (from torch==2.6.0->-r requirements.txt (line 28)) (12.4.127)
Requirement already satisfied: nvidia-nccl-cu12==2.21.5 in /home/2024/wlafon/.local/lib/python3.10/site-packages (from torch==2.6.0->-r requirements.txt (line 28)) (2.21.5)
Requirement already satisfied: nvidia-cusparselt-cu12==0.6.2 in /home/2024/wlafon/.local/lib/python3.10/site-packages (from torch==2.6.0->-r requirements.txt (line 28)) (0.6.2)
Requirement already satisfied: nvidia-cudnn-cu12==9.1.0.70 in /home/2024/wlafon/.local/lib/python3.10/site-packages (from torch==2.6.0->-r requirements.txt (line 28)) (9.1.0.70)
Requirement already satisfied: nvidia-cusparse-cu12==12.3.1.170 in /home/2024/wlafon/.local/lib/python3.10/site-packages (from torch==2.6.0->-r requirements.txt (line 28)) (12.3.1.170)
Requirement already satisfied: nvidia-cublas-cu12==12.4.5.8 in /home/2024/wlafon/.local/lib/python3.10/site-packages (from torch==2.6.0->-r requirements.txt (line 28)) (12.4.5.8)
Requirement already satisfied: nvidia-cusolver-cu12==11.6.1.9 in /home/2024/wlafon/.local/lib/python3.10/site-packages (from torch==2.6.0->-r requirements.txt (line 28)) (11.6.1.9)
Requirement already satisfied: nvidia-nvjitlink-cu12==12.4.127 in /home/2024/wlafon/.local/lib/python3.10/site-packages (from torch==2.6.0->-r requirements.txt (line 28)) (12.4.127)
A.L.E: Arcade Learning Environment (version 0.10.2+c9d4b19)
[Powered by Stella]
{'useDouble': True, 'usePrioritized': False, 'useDuel': False, 'useNoisy': False, 'useDistributive': False, 'useNstep': False}
File with name Double.npy already exists. Skipping training.
A.L.E: Arcade Learning Environment (version 0.10.2+c9d4b19)
[Powered by Stella]
{'useDouble': False, 'usePrioritized': True, 'useDuel': False, 'useNoisy': False, 'useDistributive': False, 'useNstep': False}
File with name Prioritized.npy already exists. Skipping training.
A.L.E: Arcade Learning Environment (version 0.10.2+c9d4b19)
[Powered by Stella]
{'useDouble': False, 'usePrioritized': False, 'useDuel': False, 'useNoisy': False, 'useDistributive': True, 'useNstep': False}
File with name Distributive.npy already exists. Skipping training.
A.L.E: Arcade Learning Environment (version 0.10.2+c9d4b19)
[Powered by Stella]
{'useDouble': False, 'usePrioritized': False, 'useDuel': True, 'useNoisy': False, 'useDistributive': False, 'useNstep': False}
File with name Duel.npy already exists. Skipping training.
A.L.E: Arcade Learning Environment (version 0.10.2+c9d4b19)
[Powered by Stella]
{'useDouble': False, 'usePrioritized': False, 'useDuel': False, 'useNoisy': False, 'useDistributive': False, 'useNstep': True}
File with name Nstep.npy already exists. Skipping training.
A.L.E: Arcade Learning Environment (version 0.10.2+c9d4b19)
[Powered by Stella]
{'useDouble': False, 'usePrioritized': False, 'useDuel': False, 'useNoisy': True, 'useDistributive': False, 'useNstep': False}
File with name Noisy.npy already exists. Skipping training.
A.L.E: Arcade Learning Environment (version 0.10.2+c9d4b19)
[Powered by Stella]
{'useDouble': False, 'usePrioritized': False, 'useDuel': False, 'useNoisy': False, 'useDistributive': False, 'useNstep': False}
File with name DQN.npy already exists. Skipping training.
Running: python3.10 main.py -useDouble -env ALE/RoadRunner-ram-v5
Running: python3.10 main.py -usePrioritized -env ALE/RoadRunner-ram-v5
Running: python3.10 main.py -useDistributive -env ALE/RoadRunner-ram-v5
Running: python3.10 main.py -useDuel -env ALE/RoadRunner-ram-v5
Running: python3.10 main.py -useNstep -env ALE/RoadRunner-ram-v5
Running: python3.10 main.py -useNoisy -env ALE/RoadRunner-ram-v5
Running: python3.10 main.py -env ALE/RoadRunner-ram-v5
